
04/10/2022 17:32:11 PM FEED MONEY $1.00 $1.00
04/10/2022 17:32:15 PM Triplemint $1.00 $0.25
04/10/2022 17:32:17 PM GIVE CHANGE $0.25 $0.00
04/10/2022 17:34:04 PM FEED MONEY $1.00 $1.00
04/10/2022 17:34:08 PM Triplemint $1.00 $0.25
04/10/2022 17:34:10 PM GIVE CHANGE $0.25 $0.00
04/10/2022 17:36:21 PM FEED MONEY $2.00 $2.00
04/10/2022 17:36:32 PM Triplemint $2.00 $1.25
04/10/2022 17:36:37 PM GIVE CHANGE $1.25 $0.00
04/10/2022 17:38:17 PM FEED MONEY $1.00 $1.00
04/10/2022 17:38:20 PM Triplemint $1.00 $0.25
04/10/2022 17:38:23 PM GIVE CHANGE $0.25 $0.00
04/10/2022 17:39:41 PM FEED MONEY $1.00 $1.00
04/10/2022 17:39:44 PM Triplemint $1.00 $0.25
04/10/2022 17:39:48 PM GIVE CHANGE $0.25 $0.00
04/10/2022 17:41:02 PM FEED MONEY $1.00 $1.00
04/10/2022 17:41:05 PM Triplemint $1.00 $0.25
04/10/2022 17:41:07 PM GIVE CHANGE $0.25 $0.00
04/10/2022 17:48:56 PM FEED MONEY $1.00 $1.00
04/10/2022 17:48:59 PM Triplemint $1.00 $0.25
04/10/2022 17:49:01 PM GIVE CHANGE $0.25 $0.00
04/10/2022 17:51:38 PM FEED MONEY $1.00 $1.00
04/10/2022 17:51:43 PM Chiclets $1.00 $0.25
04/10/2022 17:51:45 PM GIVE CHANGE $0.25 $0.00
04/10/2022 17:54:21 PM FEED MONEY $1.00 $1.00
04/10/2022 17:54:25 PM Chiclets $1.00 $0.25
04/10/2022 17:54:26 PM GIVE CHANGE $0.25 $0.00
04/10/2022 17:55:13 PM FEED MONEY $2.00 $2.00
04/10/2022 17:55:19 PM Crunchie $2.00 $0.25
04/10/2022 17:55:22 PM GIVE CHANGE $0.25 $0.00
04/10/2022 17:56:11 PM FEED MONEY $1.00 $1.00
04/10/2022 17:56:13 PM FEED MONEY $1.00 $2.00
04/10/2022 17:56:17 PM Chiclets $2.00 $1.25
04/10/2022 17:56:20 PM GIVE CHANGE $1.25 $0.00
04/10/2022 17:57:41 PM FEED MONEY $1.00 $1.00
04/10/2022 17:57:44 PM Chiclets $1.00 $0.25
04/10/2022 17:57:45 PM GIVE CHANGE $0.25 $0.00
04/10/2022 17:58:19 PM FEED MONEY $1.00 $1.00
04/10/2022 17:58:24 PM Triplemint $1.00 $0.25
04/10/2022 17:58:25 PM GIVE CHANGE $0.25 $0.00
