04/21/2022 13:21:29 PM -- GIVE CHANGE -- BALANCE ($1.00) -> ENDING BALANCE ($0.00)
04/21/2022 13:21:29 PM -- Triplemint $0.75 -- BALANCE ($7.00) -> ENDING BALANCE ($6.25)
04/21/2022 13:21:29 PM -- Triplemint $0.75 -- BALANCE ($6.25) -> ENDING BALANCE ($5.50)
04/21/2022 13:21:29 PM -- Triplemint $0.75 -- BALANCE ($5.50) -> ENDING BALANCE ($4.75)
04/21/2022 13:21:29 PM -- Triplemint $0.75 -- BALANCE ($4.75) -> ENDING BALANCE ($4.00)
04/21/2022 13:21:29 PM -- Triplemint $0.75 -- BALANCE ($4.00) -> ENDING BALANCE ($3.25)
04/21/2022 13:21:29 PM -- FEED MONEY -- BALANCE ($7.32) -> ENDING BALANCE ($0.00)
04/21/2022 13:21:29 PM -- FEED MONEY -- BALANCE ($5.00) -> ENDING BALANCE ($5.00)
04/21/2022 13:21:29 PM -- GIVE CHANGE -- BALANCE ($1.20) -> ENDING BALANCE ($0.00)
04/21/2022 13:21:29 PM -- Potato Crisps $3.05 -- BALANCE ($5.00) -> ENDING BALANCE ($1.95)
04/21/2022 13:21:29 PM -- Cloud Popcorn $3.65 -- BALANCE ($10.00) -> ENDING BALANCE ($6.35)
04/21/2022 13:21:29 PM -- Cloud Popcorn $3.65 -- BALANCE ($6.35) -> ENDING BALANCE ($2.70)
04/21/2022 13:21:29 PM -- Dr. Salt $1.5 -- BALANCE ($2.70) -> ENDING BALANCE ($1.20)
04/21/2022 13:21:29 PM -- GIVE CHANGE -- BALANCE ($1.20) -> ENDING BALANCE ($0.00)
04/21/2022 13:24:33 PM -- GIVE CHANGE -- BALANCE ($1.00) -> ENDING BALANCE ($0.00)
04/21/2022 13:24:33 PM -- Triplemint $0.75 -- BALANCE ($7.00) -> ENDING BALANCE ($6.25)
04/21/2022 13:24:33 PM -- Triplemint $0.75 -- BALANCE ($6.25) -> ENDING BALANCE ($5.50)
04/21/2022 13:24:33 PM -- Triplemint $0.75 -- BALANCE ($5.50) -> ENDING BALANCE ($4.75)
04/21/2022 13:24:33 PM -- Triplemint $0.75 -- BALANCE ($4.75) -> ENDING BALANCE ($4.00)
04/21/2022 13:24:33 PM -- Triplemint $0.75 -- BALANCE ($4.00) -> ENDING BALANCE ($3.25)
04/21/2022 13:24:33 PM -- FEED MONEY -- BALANCE ($7.32) -> ENDING BALANCE ($0.00)
04/21/2022 13:24:33 PM -- FEED MONEY -- BALANCE ($5.00) -> ENDING BALANCE ($5.00)
04/21/2022 13:24:33 PM -- GIVE CHANGE -- BALANCE ($1.20) -> ENDING BALANCE ($0.00)
04/21/2022 13:24:33 PM -- Potato Crisps $3.05 -- BALANCE ($5.00) -> ENDING BALANCE ($1.95)
04/21/2022 13:24:33 PM -- Cloud Popcorn $3.65 -- BALANCE ($10.00) -> ENDING BALANCE ($6.35)
04/21/2022 13:24:33 PM -- Cloud Popcorn $3.65 -- BALANCE ($6.35) -> ENDING BALANCE ($2.70)
04/21/2022 13:24:33 PM -- Dr. Salt $1.5 -- BALANCE ($2.70) -> ENDING BALANCE ($1.20)
04/21/2022 13:24:33 PM -- GIVE CHANGE -- BALANCE ($1.20) -> ENDING BALANCE ($0.00)
04/21/2022 15:03:45 PM -- FEED MONEY -- BALANCE ($10.00) -> ENDING BALANCE ($10.00)
04/21/2022 15:04:03 PM -- Potato Crisps $3.05 -- BALANCE ($10.00) -> ENDING BALANCE ($6.95)
04/21/2022 15:04:41 PM -- FEED MONEY -- BALANCE ($10.00) -> ENDING BALANCE ($10.00)
04/21/2022 15:04:46 PM -- Potato Crisps $3.05 -- BALANCE ($10.00) -> ENDING BALANCE ($6.95)
04/21/2022 15:07:14 PM -- FEED MONEY -- BALANCE ($10.00) -> ENDING BALANCE ($10.00)
04/21/2022 15:07:16 PM -- Potato Crisps $3.05 -- BALANCE ($10.00) -> ENDING BALANCE ($6.95)
04/21/2022 15:12:16 PM -- FEED MONEY -- BALANCE ($10.00) -> ENDING BALANCE ($10.00)
04/21/2022 15:12:18 PM -- Potato Crisps $3.05 -- BALANCE ($10.00) -> ENDING BALANCE ($6.95)
04/21/2022 15:13:15 PM -- FEED MONEY -- BALANCE ($10.00) -> ENDING BALANCE ($10.00)
04/21/2022 15:13:20 PM -- Potato Crisps $3.05 -- BALANCE ($10.00) -> ENDING BALANCE ($6.95)
04/21/2022 15:14:00 PM -- FEED MONEY -- BALANCE ($10.00) -> ENDING BALANCE ($10.00)
04/21/2022 15:14:03 PM -- Potato Crisps $3.05 -- BALANCE ($10.00) -> ENDING BALANCE ($6.95)
04/21/2022 15:16:22 PM -- FEED MONEY -- BALANCE ($10.00) -> ENDING BALANCE ($10.00)
04/21/2022 15:16:24 PM -- Potato Crisps $3.05 -- BALANCE ($10.00) -> ENDING BALANCE ($6.95)
04/21/2022 15:23:02 PM -- FEED MONEY -- BALANCE ($10.00) -> ENDING BALANCE ($10.00)
04/21/2022 15:23:06 PM -- Triplemint $0.75 -- BALANCE ($10.00) -> ENDING BALANCE ($9.25)
04/21/2022 15:23:08 PM -- Triplemint $0.75 -- BALANCE ($9.25) -> ENDING BALANCE ($8.50)
04/21/2022 15:23:10 PM -- Triplemint $0.75 -- BALANCE ($8.50) -> ENDING BALANCE ($7.75)
04/21/2022 15:23:13 PM -- Triplemint $0.75 -- BALANCE ($7.75) -> ENDING BALANCE ($7.00)
04/21/2022 15:23:15 PM -- Triplemint $0.75 -- BALANCE ($7.00) -> ENDING BALANCE ($6.25)
04/22/2022 14:00:04 PM -- FEED MONEY -- BALANCE ($10.00) -> ENDING BALANCE ($10.00)
04/22/2022 14:00:08 PM -- Triplemint $0.75 -- BALANCE ($10.00) -> ENDING BALANCE ($9.25)
04/22/2022 14:00:20 PM -- GIVE CHANGE -- BALANCE ($9.25) -> ENDING BALANCE ($0.00)
04/22/2022 14:00:37 PM -- GIVE CHANGE -- BALANCE ($1.00) -> ENDING BALANCE ($0.00)
04/22/2022 14:00:37 PM -- Triplemint $0.75 -- BALANCE ($7.00) -> ENDING BALANCE ($6.25)
04/22/2022 14:00:37 PM -- Triplemint $0.75 -- BALANCE ($6.25) -> ENDING BALANCE ($5.50)
04/22/2022 14:00:37 PM -- Triplemint $0.75 -- BALANCE ($5.50) -> ENDING BALANCE ($4.75)
04/22/2022 14:00:37 PM -- Triplemint $0.75 -- BALANCE ($4.75) -> ENDING BALANCE ($4.00)
04/22/2022 14:00:37 PM -- Triplemint $0.75 -- BALANCE ($4.00) -> ENDING BALANCE ($3.25)
04/22/2022 14:00:37 PM -- FEED MONEY -- BALANCE ($7.32) -> ENDING BALANCE ($0.00)
04/22/2022 14:00:37 PM -- FEED MONEY -- BALANCE ($5.00) -> ENDING BALANCE ($5.00)
04/22/2022 14:00:37 PM -- GIVE CHANGE -- BALANCE ($1.20) -> ENDING BALANCE ($0.00)
04/22/2022 14:00:37 PM -- Potato Crisps $3.05 -- BALANCE ($5.00) -> ENDING BALANCE ($1.95)
04/22/2022 14:00:37 PM -- Cloud Popcorn $3.65 -- BALANCE ($10.00) -> ENDING BALANCE ($6.35)
04/22/2022 14:00:37 PM -- Cloud Popcorn $3.65 -- BALANCE ($6.35) -> ENDING BALANCE ($2.70)
04/22/2022 14:00:37 PM -- Dr. Salt $1.5 -- BALANCE ($2.70) -> ENDING BALANCE ($1.20)
04/22/2022 14:00:37 PM -- GIVE CHANGE -- BALANCE ($1.20) -> ENDING BALANCE ($0.00)
